<?xml version="1.0" encoding="UTF-8"?>
<!-- Generated by org.testng.reporters.JUnitXMLReporter -->
<testsuite hostname="DESKTOP-S76DE4I" ignored="0" name="Test" tests="1" failures="1" timestamp="09 May 2018 19:42:23 GMT" time="80.507" errors="0">
  <testcase name="feature" time="79.955" classname="cucumber.api.testng.AbstractTestNGCucumberTests">
    <failure type="cucumber.runtime.CucumberException" message="java.lang.IllegalMonitorStateException">
      <![CDATA[cucumber.runtime.CucumberException: java.lang.IllegalMonitorStateException
at cucumber.api.testng.TestNGCucumberRunner.runCucumber(TestNGCucumberRunner.java:69)
at cucumber.api.testng.AbstractTestNGCucumberTests.feature(AbstractTestNGCucumberTests.java:21)
Caused by: java.lang.IllegalMonitorStateException
at java.lang.Object.wait(Native Method)
at stepDefination.MyApplicationTest.user_should_be_able_to_register_successfully(MyApplicationTest.java:182)
at ✽.Then user should be able to register successfully(MyApplication.feature:28)
... Removed 25 stack frames]]>
    </failure>
  </testcase> <!-- feature -->
</testsuite> <!-- Test -->
