<?xml version="1.0" encoding="UTF-8"?>
<testng-results skipped="0" failed="0" ignored="0" total="1" passed="1">
  <reporter-output>
  </reporter-output>
  <suite name="suite" duration-ms="96235" started-at="2018-05-10T19:45:17Z" finished-at="2018-05-10T19:46:53Z">
    <groups>
      <group name="cucumber">
        <method signature="AbstractTestNGCucumberTests.feature(cucumber.api.testng.CucumberFeatureWrapper)[pri:0, instance:runner.TestRunner@4157f54e]" name="feature" class="cucumber.api.testng.AbstractTestNGCucumberTests"/>
      </group> <!-- cucumber -->
    </groups>
    <test name="Test" duration-ms="96235" started-at="2018-05-10T19:45:17Z" finished-at="2018-05-10T19:46:53Z">
      <class name="runner.TestRunner">
        <test-method status="PASS" signature="setUpClass()[pri:0, instance:runner.TestRunner@4157f54e]" name="setUpClass" is-config="true" duration-ms="932" started-at="2018-05-10T19:45:17Z" finished-at="2018-05-10T19:45:18Z">
          <reporter-output>
          </reporter-output>
        </test-method> <!-- setUpClass -->
        <test-method status="PASS" signature="feature(cucumber.api.testng.CucumberFeatureWrapper)[pri:0, instance:runner.TestRunner@4157f54e]" name="feature" duration-ms="95009" started-at="2018-05-10T19:45:18Z" description="Runs Cucumber Feature" data-provider="features" finished-at="2018-05-10T19:46:53Z">
          <params>
            <param index="0">
              <value>
                <![CDATA[Test automationpractice smoke scenario]]>
              </value>
            </param>
          </params>
          <reporter-output>
          </reporter-output>
        </test-method> <!-- feature -->
        <test-method status="PASS" signature="tearDownClass()[pri:0, instance:runner.TestRunner@4157f54e]" name="tearDownClass" is-config="true" duration-ms="12" started-at="2018-05-10T19:46:53Z" finished-at="2018-05-10T19:46:53Z">
          <reporter-output>
          </reporter-output>
        </test-method> <!-- tearDownClass -->
      </class> <!-- runner.TestRunner -->
    </test> <!-- Test -->
  </suite> <!-- suite -->
</testng-results>
